[0.061s] Invoking command in '/home/the_hassan_shahzad/ros2_ws/src/bistable_interfaces/build/bistable_interfaces': CMAKE_PREFIX_PATH=${CMAKE_PREFIX_PATH}:/home/the_hassan_shahzad/ros2_ws/src/BiStable_scripts/install/BiStable_scripts:/home/the_hassan_shahzad/ros2_ws/install/true_a24_description:/home/the_hassan_shahzad/ros2_ws/install/simple_robot_arm_description:/home/the_hassan_shahzad/ros2_ws/install/pybullet_main_description:/home/the_hassan_shahzad/ros2_ws/install/my_py_pkg:/home/the_hassan_shahzad/ros2_ws/install/irc_ros_dashboard:/home/the_hassan_shahzad/ros2_ws/install/a24_description:/home/the_hassan_shahzad/ros2_ws/install/Versa4_description:/home/the_hassan_shahzad/ros2_ws/install/RoboPipe:/home/the_hassan_shahzad/ros2_ws/install/BiStable_description:/opt/ros/humble /usr/bin/cmake --build /home/the_hassan_shahzad/ros2_ws/src/bistable_interfaces/build/bistable_interfaces -- -j16 -l16
[0.077s] -- Found ament_cmake: 1.3.6 (/opt/ros/humble/share/ament_cmake/cmake)
[0.187s] -- Found rosidl_default_generators: 1.2.0 (/opt/ros/humble/share/rosidl_default_generators/cmake)
[0.191s] -- Using all available rosidl_typesupport_c: rosidl_typesupport_fastrtps_c;rosidl_typesupport_introspection_c
[0.192s] -- Found rosidl_adapter: 3.1.5 (/opt/ros/humble/share/rosidl_adapter/cmake)
[0.214s] -- Using all available rosidl_typesupport_cpp: rosidl_typesupport_fastrtps_cpp;rosidl_typesupport_introspection_cpp
[0.413s] -- Found ament_cmake_ros: 0.10.0 (/opt/ros/humble/share/ament_cmake_ros/cmake)
[0.559s] -- Using all available rosidl_typesupport_c: rosidl_typesupport_fastrtps_c;rosidl_typesupport_introspection_c
[0.754s] -- Using all available rosidl_typesupport_cpp: rosidl_typesupport_fastrtps_cpp;rosidl_typesupport_introspection_cpp
[0.778s] -- Found python_cmake_module: 0.10.0 (/opt/ros/humble/share/python_cmake_module/cmake)
[0.795s] -- Using PYTHON_EXECUTABLE: /usr/bin/python3
[0.795s] -- Using PYTHON_INCLUDE_DIRS: /usr/include/python3.10
[0.795s] -- Using PYTHON_LIBRARIES: /usr/lib/x86_64-linux-gnu/libpython3.10.so
[0.811s] -- Configuring done
[0.827s] -- Generating done
[0.828s] -- Build files have been written to: /home/the_hassan_shahzad/ros2_ws/src/bistable_interfaces/build/bistable_interfaces
[0.844s] [  2%] [34m[1mGenerating C code for ROS interfaces[0m
[0.851s] [  5%] [34m[1mGenerating C++ code for ROS interfaces[0m
[0.856s] [  5%] Built target ament_cmake_python_copy_bistable_interfaces
[1.040s] [35m[1mConsolidate compiler generated dependencies of target bistable_interfaces__rosidl_generator_c[0m
[1.044s] [  5%] Built target bistable_interfaces__cpp
[1.047s] [ 10%] [32mBuilding C object CMakeFiles/bistable_interfaces__rosidl_generator_c.dir/rosidl_generator_c/bistable_interfaces/msg/detail/gamepad_data__functions.c.o[0m
[1.047s] [ 10%] [32mBuilding C object CMakeFiles/bistable_interfaces__rosidl_generator_c.dir/rosidl_generator_c/bistable_interfaces/msg/detail/tracking_data__functions.c.o[0m
[1.051s] [ 12%] [34m[1mGenerating C++ type support dispatch for ROS interfaces[0m
[1.051s] [ 15%] [34m[1mGenerating C++ type support for eProsima Fast-RTPS[0m
[1.055s] [ 17%] [34m[1mGenerating C++ introspection for ROS interfaces[0m
[1.059s] running egg_info
[1.059s] writing bistable_interfaces.egg-info/PKG-INFO
[1.060s] writing dependency_links to bistable_interfaces.egg-info/dependency_links.txt
[1.060s] writing top-level names to bistable_interfaces.egg-info/top_level.txt
[1.061s] reading manifest file 'bistable_interfaces.egg-info/SOURCES.txt'
[1.061s] writing manifest file 'bistable_interfaces.egg-info/SOURCES.txt'
[1.080s] [ 17%] Built target ament_cmake_python_build_bistable_interfaces_egg
[1.088s] [ 20%] [32m[1mLinking C shared library libbistable_interfaces__rosidl_generator_c.so[0m
[1.112s] [ 20%] Built target bistable_interfaces__rosidl_generator_c
[1.118s] [ 23%] [34m[1mGenerating C type support for eProsima Fast-RTPS[0m
[1.124s] [ 28%] [34m[1mGenerating C type support dispatch for ROS interfaces[0m
[1.124s] [ 28%] [34m[1mGenerating C introspection for ROS interfaces[0m
[1.208s] [35m[1mConsolidate compiler generated dependencies of target bistable_interfaces__rosidl_typesupport_cpp[0m
[1.216s] [ 30%] [32mBuilding CXX object CMakeFiles/bistable_interfaces__rosidl_typesupport_cpp.dir/rosidl_typesupport_cpp/bistable_interfaces/msg/gamepad_data__type_support.cpp.o[0m
[1.220s] [ 33%] [32mBuilding CXX object CMakeFiles/bistable_interfaces__rosidl_typesupport_cpp.dir/rosidl_typesupport_cpp/bistable_interfaces/msg/tracking_data__type_support.cpp.o[0m
[1.244s] [35m[1mConsolidate compiler generated dependencies of target bistable_interfaces__rosidl_typesupport_fastrtps_cpp[0m
[1.249s] [35m[1mConsolidate compiler generated dependencies of target bistable_interfaces__rosidl_typesupport_introspection_cpp[0m
[1.262s] [ 35%] [32mBuilding CXX object CMakeFiles/bistable_interfaces__rosidl_typesupport_introspection_cpp.dir/rosidl_typesupport_introspection_cpp/bistable_interfaces/msg/detail/gamepad_data__type_support.cpp.o[0m
[1.264s] [ 38%] [32mBuilding CXX object CMakeFiles/bistable_interfaces__rosidl_typesupport_fastrtps_cpp.dir/rosidl_typesupport_fastrtps_cpp/bistable_interfaces/msg/detail/dds_fastrtps/gamepad_data__type_support.cpp.o[0m
[1.265s] [ 41%] [32mBuilding CXX object CMakeFiles/bistable_interfaces__rosidl_typesupport_introspection_cpp.dir/rosidl_typesupport_introspection_cpp/bistable_interfaces/msg/detail/tracking_data__type_support.cpp.o[0m
[1.266s] [ 43%] [32mBuilding CXX object CMakeFiles/bistable_interfaces__rosidl_typesupport_fastrtps_cpp.dir/rosidl_typesupport_fastrtps_cpp/bistable_interfaces/msg/detail/dds_fastrtps/tracking_data__type_support.cpp.o[0m
[1.366s] [35m[1mConsolidate compiler generated dependencies of target bistable_interfaces__rosidl_typesupport_fastrtps_c[0m
[1.395s] [ 46%] [32mBuilding CXX object CMakeFiles/bistable_interfaces__rosidl_typesupport_fastrtps_c.dir/rosidl_typesupport_fastrtps_c/bistable_interfaces/msg/detail/tracking_data__type_support_c.cpp.o[0m
[1.395s] [ 48%] [32mBuilding CXX object CMakeFiles/bistable_interfaces__rosidl_typesupport_fastrtps_c.dir/rosidl_typesupport_fastrtps_c/bistable_interfaces/msg/detail/gamepad_data__type_support_c.cpp.o[0m
[1.552s] [35m[1mConsolidate compiler generated dependencies of target bistable_interfaces__rosidl_typesupport_c[0m
[1.566s] [ 53%] [32mBuilding CXX object CMakeFiles/bistable_interfaces__rosidl_typesupport_c.dir/rosidl_typesupport_c/bistable_interfaces/msg/tracking_data__type_support.cpp.o[0m
[1.566s] [ 53%] [32mBuilding CXX object CMakeFiles/bistable_interfaces__rosidl_typesupport_c.dir/rosidl_typesupport_c/bistable_interfaces/msg/gamepad_data__type_support.cpp.o[0m
[1.585s] [ 56%] [32m[1mLinking CXX shared library libbistable_interfaces__rosidl_typesupport_cpp.so[0m
[1.586s] [35m[1mConsolidate compiler generated dependencies of target bistable_interfaces__rosidl_typesupport_introspection_c[0m
[1.594s] [ 58%] [32m[1mLinking CXX shared library libbistable_interfaces__rosidl_typesupport_c.so[0m
[1.598s] [ 64%] [32mBuilding C object CMakeFiles/bistable_interfaces__rosidl_typesupport_introspection_c.dir/rosidl_typesupport_introspection_c/bistable_interfaces/msg/detail/gamepad_data__type_support.c.o[0m
[1.598s] [ 64%] [32mBuilding C object CMakeFiles/bistable_interfaces__rosidl_typesupport_introspection_c.dir/rosidl_typesupport_introspection_c/bistable_interfaces/msg/detail/tracking_data__type_support.c.o[0m
[1.619s] [ 66%] [32m[1mLinking CXX shared library libbistable_interfaces__rosidl_typesupport_introspection_cpp.so[0m
[1.625s] [ 66%] Built target bistable_interfaces__rosidl_typesupport_c
[1.631s] [ 66%] Built target bistable_interfaces__rosidl_typesupport_cpp
[1.633s] [ 69%] [32m[1mLinking C shared library libbistable_interfaces__rosidl_typesupport_introspection_c.so[0m
[1.647s] [ 69%] Built target bistable_interfaces__rosidl_typesupport_introspection_cpp
[1.655s] [ 69%] Built target bistable_interfaces__rosidl_typesupport_introspection_c
[1.744s] [ 71%] [32m[1mLinking CXX shared library libbistable_interfaces__rosidl_typesupport_fastrtps_c.so[0m
[1.746s] [ 74%] [32m[1mLinking CXX shared library libbistable_interfaces__rosidl_typesupport_fastrtps_cpp.so[0m
[1.795s] [ 74%] Built target bistable_interfaces__rosidl_typesupport_fastrtps_c
[1.796s] [ 74%] Built target bistable_interfaces__rosidl_typesupport_fastrtps_cpp
[1.810s] [ 74%] Built target bistable_interfaces
[1.827s] [ 76%] [34m[1mGenerating Python code for ROS interfaces[0m
[2.067s] [ 76%] Built target bistable_interfaces__py
[2.074s] [35m[1mConsolidate compiler generated dependencies of target bistable_interfaces__rosidl_generator_py[0m
[2.085s] [ 79%] [32mBuilding C object CMakeFiles/bistable_interfaces__rosidl_generator_py.dir/rosidl_generator_py/bistable_interfaces/msg/_gamepad_data_s.c.o[0m
[2.085s] [ 82%] [32mBuilding C object CMakeFiles/bistable_interfaces__rosidl_generator_py.dir/rosidl_generator_py/bistable_interfaces/msg/_tracking_data_s.c.o[0m
[2.147s] [ 84%] [32m[1mLinking C shared library rosidl_generator_py/bistable_interfaces/libbistable_interfaces__rosidl_generator_py.so[0m
[2.174s] [ 84%] Built target bistable_interfaces__rosidl_generator_py
[2.181s] [35m[1mConsolidate compiler generated dependencies of target bistable_interfaces__rosidl_typesupport_fastrtps_c__pyext[0m
[2.181s] [35m[1mConsolidate compiler generated dependencies of target bistable_interfaces__rosidl_typesupport_introspection_c__pyext[0m
[2.181s] [35m[1mConsolidate compiler generated dependencies of target bistable_interfaces__rosidl_typesupport_c__pyext[0m
[2.189s] [ 89%] [32mBuilding C object CMakeFiles/bistable_interfaces__rosidl_typesupport_fastrtps_c__pyext.dir/rosidl_generator_py/bistable_interfaces/_bistable_interfaces_s.ep.rosidl_typesupport_fastrtps_c.c.o[0m
[2.189s] [ 89%] [32mBuilding C object CMakeFiles/bistable_interfaces__rosidl_typesupport_introspection_c__pyext.dir/rosidl_generator_py/bistable_interfaces/_bistable_interfaces_s.ep.rosidl_typesupport_introspection_c.c.o[0m
[2.189s] [ 92%] [32mBuilding C object CMakeFiles/bistable_interfaces__rosidl_typesupport_c__pyext.dir/rosidl_generator_py/bistable_interfaces/_bistable_interfaces_s.ep.rosidl_typesupport_c.c.o[0m
[2.245s] [ 97%] [32m[1mLinking C shared library rosidl_generator_py/bistable_interfaces/bistable_interfaces_s__rosidl_typesupport_c.cpython-310-x86_64-linux-gnu.so[0m
[2.245s] [ 97%] [32m[1mLinking C shared library rosidl_generator_py/bistable_interfaces/bistable_interfaces_s__rosidl_typesupport_introspection_c.cpython-310-x86_64-linux-gnu.so[0m
[2.245s] [100%] [32m[1mLinking C shared library rosidl_generator_py/bistable_interfaces/bistable_interfaces_s__rosidl_typesupport_fastrtps_c.cpython-310-x86_64-linux-gnu.so[0m
[2.267s] [100%] Built target bistable_interfaces__rosidl_typesupport_c__pyext
[2.267s] [100%] Built target bistable_interfaces__rosidl_typesupport_introspection_c__pyext
[2.267s] [100%] Built target bistable_interfaces__rosidl_typesupport_fastrtps_c__pyext
[2.276s] Invoked command in '/home/the_hassan_shahzad/ros2_ws/src/bistable_interfaces/build/bistable_interfaces' returned '0': CMAKE_PREFIX_PATH=${CMAKE_PREFIX_PATH}:/home/the_hassan_shahzad/ros2_ws/src/BiStable_scripts/install/BiStable_scripts:/home/the_hassan_shahzad/ros2_ws/install/true_a24_description:/home/the_hassan_shahzad/ros2_ws/install/simple_robot_arm_description:/home/the_hassan_shahzad/ros2_ws/install/pybullet_main_description:/home/the_hassan_shahzad/ros2_ws/install/my_py_pkg:/home/the_hassan_shahzad/ros2_ws/install/irc_ros_dashboard:/home/the_hassan_shahzad/ros2_ws/install/a24_description:/home/the_hassan_shahzad/ros2_ws/install/Versa4_description:/home/the_hassan_shahzad/ros2_ws/install/RoboPipe:/home/the_hassan_shahzad/ros2_ws/install/BiStable_description:/opt/ros/humble /usr/bin/cmake --build /home/the_hassan_shahzad/ros2_ws/src/bistable_interfaces/build/bistable_interfaces -- -j16 -l16
[2.331s] Invoking command in '/home/the_hassan_shahzad/ros2_ws/src/bistable_interfaces/build/bistable_interfaces': CMAKE_PREFIX_PATH=${CMAKE_PREFIX_PATH}:/home/the_hassan_shahzad/ros2_ws/src/BiStable_scripts/install/BiStable_scripts:/home/the_hassan_shahzad/ros2_ws/install/true_a24_description:/home/the_hassan_shahzad/ros2_ws/install/simple_robot_arm_description:/home/the_hassan_shahzad/ros2_ws/install/pybullet_main_description:/home/the_hassan_shahzad/ros2_ws/install/my_py_pkg:/home/the_hassan_shahzad/ros2_ws/install/irc_ros_dashboard:/home/the_hassan_shahzad/ros2_ws/install/a24_description:/home/the_hassan_shahzad/ros2_ws/install/Versa4_description:/home/the_hassan_shahzad/ros2_ws/install/RoboPipe:/home/the_hassan_shahzad/ros2_ws/install/BiStable_description:/opt/ros/humble /usr/bin/cmake --install /home/the_hassan_shahzad/ros2_ws/src/bistable_interfaces/build/bistable_interfaces
[2.340s] -- Install configuration: ""
[2.340s] -- Installing: /home/the_hassan_shahzad/ros2_ws/src/bistable_interfaces/install/bistable_interfaces/share/ament_index/resource_index/rosidl_interfaces/bistable_interfaces
[2.340s] -- Up-to-date: /home/the_hassan_shahzad/ros2_ws/src/bistable_interfaces/install/bistable_interfaces/include/bistable_interfaces/bistable_interfaces
[2.340s] -- Up-to-date: /home/the_hassan_shahzad/ros2_ws/src/bistable_interfaces/install/bistable_interfaces/include/bistable_interfaces/bistable_interfaces/msg
[2.340s] -- Installing: /home/the_hassan_shahzad/ros2_ws/src/bistable_interfaces/install/bistable_interfaces/include/bistable_interfaces/bistable_interfaces/msg/gamepad_data.h
[2.340s] -- Installing: /home/the_hassan_shahzad/ros2_ws/src/bistable_interfaces/install/bistable_interfaces/include/bistable_interfaces/bistable_interfaces/msg/tracking_data.h
[2.340s] -- Up-to-date: /home/the_hassan_shahzad/ros2_ws/src/bistable_interfaces/install/bistable_interfaces/include/bistable_interfaces/bistable_interfaces/msg/detail
[2.340s] -- Installing: /home/the_hassan_shahzad/ros2_ws/src/bistable_interfaces/install/bistable_interfaces/include/bistable_interfaces/bistable_interfaces/msg/detail/gamepad_data__functions.c
[2.341s] -- Installing: /home/the_hassan_shahzad/ros2_ws/src/bistable_interfaces/install/bistable_interfaces/include/bistable_interfaces/bistable_interfaces/msg/detail/tracking_data__functions.h
[2.341s] -- Installing: /home/the_hassan_shahzad/ros2_ws/src/bistable_interfaces/install/bistable_interfaces/include/bistable_interfaces/bistable_interfaces/msg/detail/gamepad_data__type_support.h
[2.341s] -- Installing: /home/the_hassan_shahzad/ros2_ws/src/bistable_interfaces/install/bistable_interfaces/include/bistable_interfaces/bistable_interfaces/msg/detail/tracking_data__struct.h
[2.341s] -- Installing: /home/the_hassan_shahzad/ros2_ws/src/bistable_interfaces/install/bistable_interfaces/include/bistable_interfaces/bistable_interfaces/msg/detail/gamepad_data__functions.h
[2.341s] -- Installing: /home/the_hassan_shahzad/ros2_ws/src/bistable_interfaces/install/bistable_interfaces/include/bistable_interfaces/bistable_interfaces/msg/detail/tracking_data__type_support.h
[2.341s] -- Installing: /home/the_hassan_shahzad/ros2_ws/src/bistable_interfaces/install/bistable_interfaces/include/bistable_interfaces/bistable_interfaces/msg/detail/tracking_data__functions.c
[2.341s] -- Installing: /home/the_hassan_shahzad/ros2_ws/src/bistable_interfaces/install/bistable_interfaces/include/bistable_interfaces/bistable_interfaces/msg/detail/gamepad_data__struct.h
[2.341s] -- Up-to-date: /home/the_hassan_shahzad/ros2_ws/src/bistable_interfaces/install/bistable_interfaces/include/bistable_interfaces/bistable_interfaces/msg/rosidl_generator_c__visibility_control.h
[2.341s] -- Up-to-date: /home/the_hassan_shahzad/ros2_ws/src/bistable_interfaces/install/bistable_interfaces/share/bistable_interfaces/environment/library_path.sh
[2.341s] -- Installing: /home/the_hassan_shahzad/ros2_ws/src/bistable_interfaces/install/bistable_interfaces/share/bistable_interfaces/environment/library_path.dsv
[2.341s] -- Installing: /home/the_hassan_shahzad/ros2_ws/src/bistable_interfaces/install/bistable_interfaces/lib/libbistable_interfaces__rosidl_generator_c.so
[2.342s] -- Set runtime path of "/home/the_hassan_shahzad/ros2_ws/src/bistable_interfaces/install/bistable_interfaces/lib/libbistable_interfaces__rosidl_generator_c.so" to ""
[2.342s] -- Up-to-date: /home/the_hassan_shahzad/ros2_ws/src/bistable_interfaces/install/bistable_interfaces/include/bistable_interfaces/bistable_interfaces
[2.342s] -- Up-to-date: /home/the_hassan_shahzad/ros2_ws/src/bistable_interfaces/install/bistable_interfaces/include/bistable_interfaces/bistable_interfaces/msg
[2.342s] -- Up-to-date: /home/the_hassan_shahzad/ros2_ws/src/bistable_interfaces/install/bistable_interfaces/include/bistable_interfaces/bistable_interfaces/msg/rosidl_typesupport_fastrtps_c__visibility_control.h
[2.342s] -- Up-to-date: /home/the_hassan_shahzad/ros2_ws/src/bistable_interfaces/install/bistable_interfaces/include/bistable_interfaces/bistable_interfaces/msg/detail
[2.342s] -- Installing: /home/the_hassan_shahzad/ros2_ws/src/bistable_interfaces/install/bistable_interfaces/include/bistable_interfaces/bistable_interfaces/msg/detail/tracking_data__rosidl_typesupport_fastrtps_c.h
[2.342s] -- Installing: /home/the_hassan_shahzad/ros2_ws/src/bistable_interfaces/install/bistable_interfaces/include/bistable_interfaces/bistable_interfaces/msg/detail/gamepad_data__rosidl_typesupport_fastrtps_c.h
[2.342s] -- Installing: /home/the_hassan_shahzad/ros2_ws/src/bistable_interfaces/install/bistable_interfaces/lib/libbistable_interfaces__rosidl_typesupport_fastrtps_c.so
[2.343s] -- Set runtime path of "/home/the_hassan_shahzad/ros2_ws/src/bistable_interfaces/install/bistable_interfaces/lib/libbistable_interfaces__rosidl_typesupport_fastrtps_c.so" to ""
[2.343s] -- Up-to-date: /home/the_hassan_shahzad/ros2_ws/src/bistable_interfaces/install/bistable_interfaces/include/bistable_interfaces/bistable_interfaces
[2.343s] -- Up-to-date: /home/the_hassan_shahzad/ros2_ws/src/bistable_interfaces/install/bistable_interfaces/include/bistable_interfaces/bistable_interfaces/msg
[2.343s] -- Up-to-date: /home/the_hassan_shahzad/ros2_ws/src/bistable_interfaces/install/bistable_interfaces/include/bistable_interfaces/bistable_interfaces/msg/detail
[2.343s] -- Installing: /home/the_hassan_shahzad/ros2_ws/src/bistable_interfaces/install/bistable_interfaces/include/bistable_interfaces/bistable_interfaces/msg/detail/gamepad_data__rosidl_typesupport_introspection_c.h
[2.343s] -- Installing: /home/the_hassan_shahzad/ros2_ws/src/bistable_interfaces/install/bistable_interfaces/include/bistable_interfaces/bistable_interfaces/msg/detail/tracking_data__type_support.c
[2.343s] -- Installing: /home/the_hassan_shahzad/ros2_ws/src/bistable_interfaces/install/bistable_interfaces/include/bistable_interfaces/bistable_interfaces/msg/detail/gamepad_data__type_support.c
[2.343s] -- Installing: /home/the_hassan_shahzad/ros2_ws/src/bistable_interfaces/install/bistable_interfaces/include/bistable_interfaces/bistable_interfaces/msg/detail/tracking_data__rosidl_typesupport_introspection_c.h
[2.343s] -- Up-to-date: /home/the_hassan_shahzad/ros2_ws/src/bistable_interfaces/install/bistable_interfaces/include/bistable_interfaces/bistable_interfaces/msg/rosidl_typesupport_introspection_c__visibility_control.h
[2.343s] -- Installing: /home/the_hassan_shahzad/ros2_ws/src/bistable_interfaces/install/bistable_interfaces/lib/libbistable_interfaces__rosidl_typesupport_introspection_c.so
[2.344s] -- Set runtime path of "/home/the_hassan_shahzad/ros2_ws/src/bistable_interfaces/install/bistable_interfaces/lib/libbistable_interfaces__rosidl_typesupport_introspection_c.so" to ""
[2.344s] -- Installing: /home/the_hassan_shahzad/ros2_ws/src/bistable_interfaces/install/bistable_interfaces/lib/libbistable_interfaces__rosidl_typesupport_c.so
[2.344s] -- Set runtime path of "/home/the_hassan_shahzad/ros2_ws/src/bistable_interfaces/install/bistable_interfaces/lib/libbistable_interfaces__rosidl_typesupport_c.so" to ""
[2.344s] -- Up-to-date: /home/the_hassan_shahzad/ros2_ws/src/bistable_interfaces/install/bistable_interfaces/include/bistable_interfaces/bistable_interfaces
[2.344s] -- Up-to-date: /home/the_hassan_shahzad/ros2_ws/src/bistable_interfaces/install/bistable_interfaces/include/bistable_interfaces/bistable_interfaces/msg
[2.344s] -- Installing: /home/the_hassan_shahzad/ros2_ws/src/bistable_interfaces/install/bistable_interfaces/include/bistable_interfaces/bistable_interfaces/msg/gamepad_data.hpp
[2.344s] -- Up-to-date: /home/the_hassan_shahzad/ros2_ws/src/bistable_interfaces/install/bistable_interfaces/include/bistable_interfaces/bistable_interfaces/msg/detail
[2.344s] -- Installing: /home/the_hassan_shahzad/ros2_ws/src/bistable_interfaces/install/bistable_interfaces/include/bistable_interfaces/bistable_interfaces/msg/detail/tracking_data__traits.hpp
[2.344s] -- Installing: /home/the_hassan_shahzad/ros2_ws/src/bistable_interfaces/install/bistable_interfaces/include/bistable_interfaces/bistable_interfaces/msg/detail/tracking_data__builder.hpp
[2.344s] -- Installing: /home/the_hassan_shahzad/ros2_ws/src/bistable_interfaces/install/bistable_interfaces/include/bistable_interfaces/bistable_interfaces/msg/detail/gamepad_data__struct.hpp
[2.345s] -- Installing: /home/the_hassan_shahzad/ros2_ws/src/bistable_interfaces/install/bistable_interfaces/include/bistable_interfaces/bistable_interfaces/msg/detail/tracking_data__struct.hpp
[2.345s] -- Installing: /home/the_hassan_shahzad/ros2_ws/src/bistable_interfaces/install/bistable_interfaces/include/bistable_interfaces/bistable_interfaces/msg/detail/gamepad_data__traits.hpp
[2.345s] -- Installing: /home/the_hassan_shahzad/ros2_ws/src/bistable_interfaces/install/bistable_interfaces/include/bistable_interfaces/bistable_interfaces/msg/detail/gamepad_data__builder.hpp
[2.345s] -- Installing: /home/the_hassan_shahzad/ros2_ws/src/bistable_interfaces/install/bistable_interfaces/include/bistable_interfaces/bistable_interfaces/msg/tracking_data.hpp
[2.345s] -- Up-to-date: /home/the_hassan_shahzad/ros2_ws/src/bistable_interfaces/install/bistable_interfaces/include/bistable_interfaces/bistable_interfaces
[2.345s] -- Up-to-date: /home/the_hassan_shahzad/ros2_ws/src/bistable_interfaces/install/bistable_interfaces/include/bistable_interfaces/bistable_interfaces/msg
[2.345s] -- Up-to-date: /home/the_hassan_shahzad/ros2_ws/src/bistable_interfaces/install/bistable_interfaces/include/bistable_interfaces/bistable_interfaces/msg/rosidl_typesupport_fastrtps_cpp__visibility_control.h
[2.345s] -- Up-to-date: /home/the_hassan_shahzad/ros2_ws/src/bistable_interfaces/install/bistable_interfaces/include/bistable_interfaces/bistable_interfaces/msg/detail
[2.345s] -- Up-to-date: /home/the_hassan_shahzad/ros2_ws/src/bistable_interfaces/install/bistable_interfaces/include/bistable_interfaces/bistable_interfaces/msg/detail/dds_fastrtps
[2.345s] -- Installing: /home/the_hassan_shahzad/ros2_ws/src/bistable_interfaces/install/bistable_interfaces/include/bistable_interfaces/bistable_interfaces/msg/detail/tracking_data__rosidl_typesupport_fastrtps_cpp.hpp
[2.345s] -- Installing: /home/the_hassan_shahzad/ros2_ws/src/bistable_interfaces/install/bistable_interfaces/include/bistable_interfaces/bistable_interfaces/msg/detail/gamepad_data__rosidl_typesupport_fastrtps_cpp.hpp
[2.346s] -- Installing: /home/the_hassan_shahzad/ros2_ws/src/bistable_interfaces/install/bistable_interfaces/lib/libbistable_interfaces__rosidl_typesupport_fastrtps_cpp.so
[2.346s] -- Set runtime path of "/home/the_hassan_shahzad/ros2_ws/src/bistable_interfaces/install/bistable_interfaces/lib/libbistable_interfaces__rosidl_typesupport_fastrtps_cpp.so" to ""
[2.346s] -- Up-to-date: /home/the_hassan_shahzad/ros2_ws/src/bistable_interfaces/install/bistable_interfaces/include/bistable_interfaces/bistable_interfaces
[2.346s] -- Up-to-date: /home/the_hassan_shahzad/ros2_ws/src/bistable_interfaces/install/bistable_interfaces/include/bistable_interfaces/bistable_interfaces/msg
[2.346s] -- Up-to-date: /home/the_hassan_shahzad/ros2_ws/src/bistable_interfaces/install/bistable_interfaces/include/bistable_interfaces/bistable_interfaces/msg/detail
[2.346s] -- Installing: /home/the_hassan_shahzad/ros2_ws/src/bistable_interfaces/install/bistable_interfaces/include/bistable_interfaces/bistable_interfaces/msg/detail/gamepad_data__type_support.cpp
[2.347s] -- Installing: /home/the_hassan_shahzad/ros2_ws/src/bistable_interfaces/install/bistable_interfaces/include/bistable_interfaces/bistable_interfaces/msg/detail/tracking_data__rosidl_typesupport_introspection_cpp.hpp
[2.347s] -- Installing: /home/the_hassan_shahzad/ros2_ws/src/bistable_interfaces/install/bistable_interfaces/include/bistable_interfaces/bistable_interfaces/msg/detail/tracking_data__type_support.cpp
[2.347s] -- Installing: /home/the_hassan_shahzad/ros2_ws/src/bistable_interfaces/install/bistable_interfaces/include/bistable_interfaces/bistable_interfaces/msg/detail/gamepad_data__rosidl_typesupport_introspection_cpp.hpp
[2.347s] -- Installing: /home/the_hassan_shahzad/ros2_ws/src/bistable_interfaces/install/bistable_interfaces/lib/libbistable_interfaces__rosidl_typesupport_introspection_cpp.so
[2.347s] -- Set runtime path of "/home/the_hassan_shahzad/ros2_ws/src/bistable_interfaces/install/bistable_interfaces/lib/libbistable_interfaces__rosidl_typesupport_introspection_cpp.so" to ""
[2.347s] -- Installing: /home/the_hassan_shahzad/ros2_ws/src/bistable_interfaces/install/bistable_interfaces/lib/libbistable_interfaces__rosidl_typesupport_cpp.so
[2.347s] -- Set runtime path of "/home/the_hassan_shahzad/ros2_ws/src/bistable_interfaces/install/bistable_interfaces/lib/libbistable_interfaces__rosidl_typesupport_cpp.so" to ""
[2.347s] -- Up-to-date: /home/the_hassan_shahzad/ros2_ws/src/bistable_interfaces/install/bistable_interfaces/share/bistable_interfaces/environment/pythonpath.sh
[2.348s] -- Installing: /home/the_hassan_shahzad/ros2_ws/src/bistable_interfaces/install/bistable_interfaces/share/bistable_interfaces/environment/pythonpath.dsv
[2.348s] -- Up-to-date: /home/the_hassan_shahzad/ros2_ws/src/bistable_interfaces/install/bistable_interfaces/local/lib/python3.10/dist-packages/bistable_interfaces-0.0.0-py3.10.egg-info
[2.348s] -- Installing: /home/the_hassan_shahzad/ros2_ws/src/bistable_interfaces/install/bistable_interfaces/local/lib/python3.10/dist-packages/bistable_interfaces-0.0.0-py3.10.egg-info/dependency_links.txt
[2.348s] -- Installing: /home/the_hassan_shahzad/ros2_ws/src/bistable_interfaces/install/bistable_interfaces/local/lib/python3.10/dist-packages/bistable_interfaces-0.0.0-py3.10.egg-info/PKG-INFO
[2.348s] -- Installing: /home/the_hassan_shahzad/ros2_ws/src/bistable_interfaces/install/bistable_interfaces/local/lib/python3.10/dist-packages/bistable_interfaces-0.0.0-py3.10.egg-info/SOURCES.txt
[2.348s] -- Installing: /home/the_hassan_shahzad/ros2_ws/src/bistable_interfaces/install/bistable_interfaces/local/lib/python3.10/dist-packages/bistable_interfaces-0.0.0-py3.10.egg-info/top_level.txt
[2.348s] -- Up-to-date: /home/the_hassan_shahzad/ros2_ws/src/bistable_interfaces/install/bistable_interfaces/local/lib/python3.10/dist-packages/bistable_interfaces
[2.348s] -- Installing: /home/the_hassan_shahzad/ros2_ws/src/bistable_interfaces/install/bistable_interfaces/local/lib/python3.10/dist-packages/bistable_interfaces/__init__.py
[2.348s] -- Up-to-date: /home/the_hassan_shahzad/ros2_ws/src/bistable_interfaces/install/bistable_interfaces/local/lib/python3.10/dist-packages/bistable_interfaces/msg
[2.349s] -- Installing: /home/the_hassan_shahzad/ros2_ws/src/bistable_interfaces/install/bistable_interfaces/local/lib/python3.10/dist-packages/bistable_interfaces/msg/__init__.py
[2.349s] -- Installing: /home/the_hassan_shahzad/ros2_ws/src/bistable_interfaces/install/bistable_interfaces/local/lib/python3.10/dist-packages/bistable_interfaces/msg/_gamepad_data_s.c
[2.349s] -- Installing: /home/the_hassan_shahzad/ros2_ws/src/bistable_interfaces/install/bistable_interfaces/local/lib/python3.10/dist-packages/bistable_interfaces/msg/_tracking_data.py
[2.349s] -- Installing: /home/the_hassan_shahzad/ros2_ws/src/bistable_interfaces/install/bistable_interfaces/local/lib/python3.10/dist-packages/bistable_interfaces/msg/_tracking_data_s.c
[2.349s] -- Installing: /home/the_hassan_shahzad/ros2_ws/src/bistable_interfaces/install/bistable_interfaces/local/lib/python3.10/dist-packages/bistable_interfaces/msg/_gamepad_data.py
[2.349s] -- Installing: /home/the_hassan_shahzad/ros2_ws/src/bistable_interfaces/install/bistable_interfaces/local/lib/python3.10/dist-packages/bistable_interfaces/bistable_interfaces_s__rosidl_typesupport_introspection_c.cpython-310-x86_64-linux-gnu.so
[2.349s] -- Installing: /home/the_hassan_shahzad/ros2_ws/src/bistable_interfaces/install/bistable_interfaces/local/lib/python3.10/dist-packages/bistable_interfaces/_bistable_interfaces_s.ep.rosidl_typesupport_fastrtps_c.c
[2.349s] -- Installing: /home/the_hassan_shahzad/ros2_ws/src/bistable_interfaces/install/bistable_interfaces/local/lib/python3.10/dist-packages/bistable_interfaces/libbistable_interfaces__rosidl_generator_py.so
[2.349s] -- Installing: /home/the_hassan_shahzad/ros2_ws/src/bistable_interfaces/install/bistable_interfaces/local/lib/python3.10/dist-packages/bistable_interfaces/_bistable_interfaces_s.ep.rosidl_typesupport_introspection_c.c
[2.350s] -- Installing: /home/the_hassan_shahzad/ros2_ws/src/bistable_interfaces/install/bistable_interfaces/local/lib/python3.10/dist-packages/bistable_interfaces/bistable_interfaces_s__rosidl_typesupport_c.cpython-310-x86_64-linux-gnu.so
[2.350s] -- Installing: /home/the_hassan_shahzad/ros2_ws/src/bistable_interfaces/install/bistable_interfaces/local/lib/python3.10/dist-packages/bistable_interfaces/bistable_interfaces_s__rosidl_typesupport_fastrtps_c.cpython-310-x86_64-linux-gnu.so
[2.350s] -- Installing: /home/the_hassan_shahzad/ros2_ws/src/bistable_interfaces/install/bistable_interfaces/local/lib/python3.10/dist-packages/bistable_interfaces/_bistable_interfaces_s.ep.rosidl_typesupport_c.c
[2.382s] Listing '/home/the_hassan_shahzad/ros2_ws/src/bistable_interfaces/install/bistable_interfaces/local/lib/python3.10/dist-packages/bistable_interfaces'...
[2.382s] Compiling '/home/the_hassan_shahzad/ros2_ws/src/bistable_interfaces/install/bistable_interfaces/local/lib/python3.10/dist-packages/bistable_interfaces/__init__.py'...
[2.382s] Listing '/home/the_hassan_shahzad/ros2_ws/src/bistable_interfaces/install/bistable_interfaces/local/lib/python3.10/dist-packages/bistable_interfaces/msg'...
[2.382s] Compiling '/home/the_hassan_shahzad/ros2_ws/src/bistable_interfaces/install/bistable_interfaces/local/lib/python3.10/dist-packages/bistable_interfaces/msg/__init__.py'...
[2.383s] Compiling '/home/the_hassan_shahzad/ros2_ws/src/bistable_interfaces/install/bistable_interfaces/local/lib/python3.10/dist-packages/bistable_interfaces/msg/_gamepad_data.py'...
[2.383s] Compiling '/home/the_hassan_shahzad/ros2_ws/src/bistable_interfaces/install/bistable_interfaces/local/lib/python3.10/dist-packages/bistable_interfaces/msg/_tracking_data.py'...
[2.385s] -- Installing: /home/the_hassan_shahzad/ros2_ws/src/bistable_interfaces/install/bistable_interfaces/local/lib/python3.10/dist-packages/bistable_interfaces/bistable_interfaces_s__rosidl_typesupport_fastrtps_c.cpython-310-x86_64-linux-gnu.so
[2.385s] -- Set runtime path of "/home/the_hassan_shahzad/ros2_ws/src/bistable_interfaces/install/bistable_interfaces/local/lib/python3.10/dist-packages/bistable_interfaces/bistable_interfaces_s__rosidl_typesupport_fastrtps_c.cpython-310-x86_64-linux-gnu.so" to ""
[2.385s] -- Installing: /home/the_hassan_shahzad/ros2_ws/src/bistable_interfaces/install/bistable_interfaces/local/lib/python3.10/dist-packages/bistable_interfaces/bistable_interfaces_s__rosidl_typesupport_introspection_c.cpython-310-x86_64-linux-gnu.so
[2.385s] -- Set runtime path of "/home/the_hassan_shahzad/ros2_ws/src/bistable_interfaces/install/bistable_interfaces/local/lib/python3.10/dist-packages/bistable_interfaces/bistable_interfaces_s__rosidl_typesupport_introspection_c.cpython-310-x86_64-linux-gnu.so" to ""
[2.386s] -- Installing: /home/the_hassan_shahzad/ros2_ws/src/bistable_interfaces/install/bistable_interfaces/local/lib/python3.10/dist-packages/bistable_interfaces/bistable_interfaces_s__rosidl_typesupport_c.cpython-310-x86_64-linux-gnu.so
[2.386s] -- Set runtime path of "/home/the_hassan_shahzad/ros2_ws/src/bistable_interfaces/install/bistable_interfaces/local/lib/python3.10/dist-packages/bistable_interfaces/bistable_interfaces_s__rosidl_typesupport_c.cpython-310-x86_64-linux-gnu.so" to ""
[2.386s] -- Installing: /home/the_hassan_shahzad/ros2_ws/src/bistable_interfaces/install/bistable_interfaces/lib/libbistable_interfaces__rosidl_generator_py.so
[2.386s] -- Set runtime path of "/home/the_hassan_shahzad/ros2_ws/src/bistable_interfaces/install/bistable_interfaces/lib/libbistable_interfaces__rosidl_generator_py.so" to ""
[2.386s] -- Up-to-date: /home/the_hassan_shahzad/ros2_ws/src/bistable_interfaces/install/bistable_interfaces/share/bistable_interfaces/msg/GamepadData.idl
[2.386s] -- Installing: /home/the_hassan_shahzad/ros2_ws/src/bistable_interfaces/install/bistable_interfaces/share/bistable_interfaces/msg/TrackingData.idl
[2.386s] -- Up-to-date: /home/the_hassan_shahzad/ros2_ws/src/bistable_interfaces/install/bistable_interfaces/share/bistable_interfaces/msg/GamepadData.msg
[2.386s] -- Installing: /home/the_hassan_shahzad/ros2_ws/src/bistable_interfaces/install/bistable_interfaces/share/bistable_interfaces/msg/TrackingData.msg
[2.386s] -- Up-to-date: /home/the_hassan_shahzad/ros2_ws/src/bistable_interfaces/install/bistable_interfaces/share/ament_index/resource_index/package_run_dependencies/bistable_interfaces
[2.386s] -- Installing: /home/the_hassan_shahzad/ros2_ws/src/bistable_interfaces/install/bistable_interfaces/share/ament_index/resource_index/parent_prefix_path/bistable_interfaces
[2.386s] -- Up-to-date: /home/the_hassan_shahzad/ros2_ws/src/bistable_interfaces/install/bistable_interfaces/share/bistable_interfaces/environment/ament_prefix_path.sh
[2.386s] -- Installing: /home/the_hassan_shahzad/ros2_ws/src/bistable_interfaces/install/bistable_interfaces/share/bistable_interfaces/environment/ament_prefix_path.dsv
[2.386s] -- Up-to-date: /home/the_hassan_shahzad/ros2_ws/src/bistable_interfaces/install/bistable_interfaces/share/bistable_interfaces/environment/path.sh
[2.386s] -- Installing: /home/the_hassan_shahzad/ros2_ws/src/bistable_interfaces/install/bistable_interfaces/share/bistable_interfaces/environment/path.dsv
[2.386s] -- Up-to-date: /home/the_hassan_shahzad/ros2_ws/src/bistable_interfaces/install/bistable_interfaces/share/bistable_interfaces/local_setup.bash
[2.387s] -- Up-to-date: /home/the_hassan_shahzad/ros2_ws/src/bistable_interfaces/install/bistable_interfaces/share/bistable_interfaces/local_setup.sh
[2.387s] -- Up-to-date: /home/the_hassan_shahzad/ros2_ws/src/bistable_interfaces/install/bistable_interfaces/share/bistable_interfaces/local_setup.zsh
[2.387s] -- Installing: /home/the_hassan_shahzad/ros2_ws/src/bistable_interfaces/install/bistable_interfaces/share/bistable_interfaces/local_setup.dsv
[2.387s] -- Installing: /home/the_hassan_shahzad/ros2_ws/src/bistable_interfaces/install/bistable_interfaces/share/bistable_interfaces/package.dsv
[2.387s] -- Up-to-date: /home/the_hassan_shahzad/ros2_ws/src/bistable_interfaces/install/bistable_interfaces/share/ament_index/resource_index/packages/bistable_interfaces
[2.387s] -- Up-to-date: /home/the_hassan_shahzad/ros2_ws/src/bistable_interfaces/install/bistable_interfaces/share/bistable_interfaces/cmake/export_bistable_interfaces__rosidl_generator_cExport.cmake
[2.387s] -- Up-to-date: /home/the_hassan_shahzad/ros2_ws/src/bistable_interfaces/install/bistable_interfaces/share/bistable_interfaces/cmake/export_bistable_interfaces__rosidl_generator_cExport-noconfig.cmake
[2.387s] -- Up-to-date: /home/the_hassan_shahzad/ros2_ws/src/bistable_interfaces/install/bistable_interfaces/share/bistable_interfaces/cmake/export_bistable_interfaces__rosidl_typesupport_fastrtps_cExport.cmake
[2.387s] -- Up-to-date: /home/the_hassan_shahzad/ros2_ws/src/bistable_interfaces/install/bistable_interfaces/share/bistable_interfaces/cmake/export_bistable_interfaces__rosidl_typesupport_fastrtps_cExport-noconfig.cmake
[2.387s] -- Up-to-date: /home/the_hassan_shahzad/ros2_ws/src/bistable_interfaces/install/bistable_interfaces/share/bistable_interfaces/cmake/bistable_interfaces__rosidl_typesupport_introspection_cExport.cmake
[2.387s] -- Up-to-date: /home/the_hassan_shahzad/ros2_ws/src/bistable_interfaces/install/bistable_interfaces/share/bistable_interfaces/cmake/bistable_interfaces__rosidl_typesupport_introspection_cExport-noconfig.cmake
[2.387s] -- Up-to-date: /home/the_hassan_shahzad/ros2_ws/src/bistable_interfaces/install/bistable_interfaces/share/bistable_interfaces/cmake/bistable_interfaces__rosidl_typesupport_cExport.cmake
[2.387s] -- Up-to-date: /home/the_hassan_shahzad/ros2_ws/src/bistable_interfaces/install/bistable_interfaces/share/bistable_interfaces/cmake/bistable_interfaces__rosidl_typesupport_cExport-noconfig.cmake
[2.387s] -- Up-to-date: /home/the_hassan_shahzad/ros2_ws/src/bistable_interfaces/install/bistable_interfaces/share/bistable_interfaces/cmake/export_bistable_interfaces__rosidl_generator_cppExport.cmake
[2.387s] -- Up-to-date: /home/the_hassan_shahzad/ros2_ws/src/bistable_interfaces/install/bistable_interfaces/share/bistable_interfaces/cmake/export_bistable_interfaces__rosidl_typesupport_fastrtps_cppExport.cmake
[2.387s] -- Up-to-date: /home/the_hassan_shahzad/ros2_ws/src/bistable_interfaces/install/bistable_interfaces/share/bistable_interfaces/cmake/export_bistable_interfaces__rosidl_typesupport_fastrtps_cppExport-noconfig.cmake
[2.387s] -- Up-to-date: /home/the_hassan_shahzad/ros2_ws/src/bistable_interfaces/install/bistable_interfaces/share/bistable_interfaces/cmake/bistable_interfaces__rosidl_typesupport_introspection_cppExport.cmake
[2.387s] -- Up-to-date: /home/the_hassan_shahzad/ros2_ws/src/bistable_interfaces/install/bistable_interfaces/share/bistable_interfaces/cmake/bistable_interfaces__rosidl_typesupport_introspection_cppExport-noconfig.cmake
[2.387s] -- Up-to-date: /home/the_hassan_shahzad/ros2_ws/src/bistable_interfaces/install/bistable_interfaces/share/bistable_interfaces/cmake/bistable_interfaces__rosidl_typesupport_cppExport.cmake
[2.387s] -- Up-to-date: /home/the_hassan_shahzad/ros2_ws/src/bistable_interfaces/install/bistable_interfaces/share/bistable_interfaces/cmake/bistable_interfaces__rosidl_typesupport_cppExport-noconfig.cmake
[2.387s] -- Up-to-date: /home/the_hassan_shahzad/ros2_ws/src/bistable_interfaces/install/bistable_interfaces/share/bistable_interfaces/cmake/export_bistable_interfaces__rosidl_generator_pyExport.cmake
[2.387s] -- Up-to-date: /home/the_hassan_shahzad/ros2_ws/src/bistable_interfaces/install/bistable_interfaces/share/bistable_interfaces/cmake/export_bistable_interfaces__rosidl_generator_pyExport-noconfig.cmake
[2.387s] -- Installing: /home/the_hassan_shahzad/ros2_ws/src/bistable_interfaces/install/bistable_interfaces/share/bistable_interfaces/cmake/rosidl_cmake-extras.cmake
[2.388s] -- Up-to-date: /home/the_hassan_shahzad/ros2_ws/src/bistable_interfaces/install/bistable_interfaces/share/bistable_interfaces/cmake/ament_cmake_export_include_directories-extras.cmake
[2.388s] -- Up-to-date: /home/the_hassan_shahzad/ros2_ws/src/bistable_interfaces/install/bistable_interfaces/share/bistable_interfaces/cmake/ament_cmake_export_libraries-extras.cmake
[2.388s] -- Up-to-date: /home/the_hassan_shahzad/ros2_ws/src/bistable_interfaces/install/bistable_interfaces/share/bistable_interfaces/cmake/ament_cmake_export_targets-extras.cmake
[2.388s] -- Up-to-date: /home/the_hassan_shahzad/ros2_ws/src/bistable_interfaces/install/bistable_interfaces/share/bistable_interfaces/cmake/rosidl_cmake_export_typesupport_targets-extras.cmake
[2.388s] -- Up-to-date: /home/the_hassan_shahzad/ros2_ws/src/bistable_interfaces/install/bistable_interfaces/share/bistable_interfaces/cmake/ament_cmake_export_dependencies-extras.cmake
[2.388s] -- Up-to-date: /home/the_hassan_shahzad/ros2_ws/src/bistable_interfaces/install/bistable_interfaces/share/bistable_interfaces/cmake/rosidl_cmake_export_typesupport_libraries-extras.cmake
[2.388s] -- Up-to-date: /home/the_hassan_shahzad/ros2_ws/src/bistable_interfaces/install/bistable_interfaces/share/bistable_interfaces/cmake/bistable_interfacesConfig.cmake
[2.388s] -- Up-to-date: /home/the_hassan_shahzad/ros2_ws/src/bistable_interfaces/install/bistable_interfaces/share/bistable_interfaces/cmake/bistable_interfacesConfig-version.cmake
[2.388s] -- Up-to-date: /home/the_hassan_shahzad/ros2_ws/src/bistable_interfaces/install/bistable_interfaces/share/bistable_interfaces/package.xml
[2.390s] Invoked command in '/home/the_hassan_shahzad/ros2_ws/src/bistable_interfaces/build/bistable_interfaces' returned '0': CMAKE_PREFIX_PATH=${CMAKE_PREFIX_PATH}:/home/the_hassan_shahzad/ros2_ws/src/BiStable_scripts/install/BiStable_scripts:/home/the_hassan_shahzad/ros2_ws/install/true_a24_description:/home/the_hassan_shahzad/ros2_ws/install/simple_robot_arm_description:/home/the_hassan_shahzad/ros2_ws/install/pybullet_main_description:/home/the_hassan_shahzad/ros2_ws/install/my_py_pkg:/home/the_hassan_shahzad/ros2_ws/install/irc_ros_dashboard:/home/the_hassan_shahzad/ros2_ws/install/a24_description:/home/the_hassan_shahzad/ros2_ws/install/Versa4_description:/home/the_hassan_shahzad/ros2_ws/install/RoboPipe:/home/the_hassan_shahzad/ros2_ws/install/BiStable_description:/opt/ros/humble /usr/bin/cmake --install /home/the_hassan_shahzad/ros2_ws/src/bistable_interfaces/build/bistable_interfaces
