-- The C compiler identification is GNU 11.4.0
-- The CXX compiler identification is GNU 11.4.0
-- Detecting C compiler ABI info
-- Detecting C compiler ABI info - done
-- Check for working C compiler: /usr/bin/cc - skipped
-- Detecting C compile features
-- Detecting C compile features - done
-- Detecting CXX compiler ABI info
-- Detecting CXX compiler ABI info - done
-- Check for working CXX compiler: /usr/bin/c++ - skipped
-- Detecting CXX compile features
-- Detecting CXX compile features - done
-- Found ament_cmake: 1.3.6 (/opt/ros/humble/share/ament_cmake/cmake)
-- Found Python3: /usr/bin/python3.10 (found version "3.10.12") found components: Interpreter 
-- Found rosidl_default_generators: 1.2.0 (/opt/ros/humble/share/rosidl_default_generators/cmake)
-- Using all available rosidl_typesupport_c: rosidl_typesupport_fastrtps_c;rosidl_typesupport_introspection_c
-- Found rosidl_adapter: 3.1.5 (/opt/ros/humble/share/rosidl_adapter/cmake)
-- Using all available rosidl_typesupport_cpp: rosidl_typesupport_fastrtps_cpp;rosidl_typesupport_introspection_cpp
-- Found ament_cmake_ros: 0.10.0 (/opt/ros/humble/share/ament_cmake_ros/cmake)
-- Using all available rosidl_typesupport_c: rosidl_typesupport_fastrtps_c;rosidl_typesupport_introspection_c
-- Using all available rosidl_typesupport_cpp: rosidl_typesupport_fastrtps_cpp;rosidl_typesupport_introspection_cpp
-- Found PythonInterp: /usr/bin/python3 (found suitable version "3.10.12", minimum required is "3.6") 
-- Found python_cmake_module: 0.10.0 (/opt/ros/humble/share/python_cmake_module/cmake)
-- Found PythonLibs: /usr/lib/x86_64-linux-gnu/libpython3.10.so (found suitable version "3.10.12", minimum required is "3.5") 
-- Using PYTHON_EXECUTABLE: /usr/bin/python3
-- Using PYTHON_INCLUDE_DIRS: /usr/include/python3.10
-- Using PYTHON_LIBRARIES: /usr/lib/x86_64-linux-gnu/libpython3.10.so
-- Found PythonExtra: .so  
-- Configuring done
-- Generating done
-- Build files have been written to: /home/the_hassan_shahzad/ros2_ws/src/bistable_interfaces/build/bistable_interfaces
[  3%] [34m[1mGenerating C code for ROS interfaces[0m
[  6%] [34m[1mGenerating C++ code for ROS interfaces[0m
[  6%] Built target ament_cmake_python_copy_bistable_interfaces
[  6%] Built target bistable_interfaces__cpp
[ 12%] [34m[1mGenerating C++ type support dispatch for ROS interfaces[0m
[ 12%] [34m[1mGenerating C++ type support for eProsima Fast-RTPS[0m
[ 16%] [32mBuilding C object CMakeFiles/bistable_interfaces__rosidl_generator_c.dir/rosidl_generator_c/bistable_interfaces/msg/detail/gamepad_data__functions.c.o[0m
[ 19%] [34m[1mGenerating C++ introspection for ROS interfaces[0m
running egg_info
creating bistable_interfaces.egg-info
writing bistable_interfaces.egg-info/PKG-INFO
writing dependency_links to bistable_interfaces.egg-info/dependency_links.txt
writing top-level names to bistable_interfaces.egg-info/top_level.txt
writing manifest file 'bistable_interfaces.egg-info/SOURCES.txt'
reading manifest file 'bistable_interfaces.egg-info/SOURCES.txt'
writing manifest file 'bistable_interfaces.egg-info/SOURCES.txt'
[ 19%] Built target ament_cmake_python_build_bistable_interfaces_egg
[ 22%] [32m[1mLinking C shared library libbistable_interfaces__rosidl_generator_c.so[0m
[ 22%] Built target bistable_interfaces__rosidl_generator_c
[ 25%] [34m[1mGenerating C type support for eProsima Fast-RTPS[0m
[ 32%] [34m[1mGenerating C type support dispatch for ROS interfaces[0m
[ 32%] [34m[1mGenerating C introspection for ROS interfaces[0m
[ 35%] [32mBuilding CXX object CMakeFiles/bistable_interfaces__rosidl_typesupport_cpp.dir/rosidl_typesupport_cpp/bistable_interfaces/msg/gamepad_data__type_support.cpp.o[0m
[ 38%] [32mBuilding CXX object CMakeFiles/bistable_interfaces__rosidl_typesupport_introspection_cpp.dir/rosidl_typesupport_introspection_cpp/bistable_interfaces/msg/detail/gamepad_data__type_support.cpp.o[0m
[ 41%] [32mBuilding CXX object CMakeFiles/bistable_interfaces__rosidl_typesupport_fastrtps_cpp.dir/rosidl_typesupport_fastrtps_cpp/bistable_interfaces/msg/detail/dds_fastrtps/gamepad_data__type_support.cpp.o[0m
[ 45%] [32mBuilding CXX object CMakeFiles/bistable_interfaces__rosidl_typesupport_fastrtps_c.dir/rosidl_typesupport_fastrtps_c/bistable_interfaces/msg/detail/gamepad_data__type_support_c.cpp.o[0m
[ 51%] [32mBuilding C object CMakeFiles/bistable_interfaces__rosidl_typesupport_introspection_c.dir/rosidl_typesupport_introspection_c/bistable_interfaces/msg/detail/gamepad_data__type_support.c.o[0m
[ 51%] [32mBuilding CXX object CMakeFiles/bistable_interfaces__rosidl_typesupport_c.dir/rosidl_typesupport_c/bistable_interfaces/msg/gamepad_data__type_support.cpp.o[0m
[ 54%] [32m[1mLinking CXX shared library libbistable_interfaces__rosidl_typesupport_c.so[0m
[ 58%] [32m[1mLinking C shared library libbistable_interfaces__rosidl_typesupport_introspection_c.so[0m
[ 58%] Built target bistable_interfaces__rosidl_typesupport_introspection_c
[ 58%] Built target bistable_interfaces__rosidl_typesupport_c
[ 61%] [32m[1mLinking CXX shared library libbistable_interfaces__rosidl_typesupport_cpp.so[0m
[ 64%] [32m[1mLinking CXX shared library libbistable_interfaces__rosidl_typesupport_introspection_cpp.so[0m
[ 64%] Built target bistable_interfaces__rosidl_typesupport_cpp
[ 64%] Built target bistable_interfaces__rosidl_typesupport_introspection_cpp
[ 67%] [32m[1mLinking CXX shared library libbistable_interfaces__rosidl_typesupport_fastrtps_c.so[0m
[ 70%] [32m[1mLinking CXX shared library libbistable_interfaces__rosidl_typesupport_fastrtps_cpp.so[0m
[ 70%] Built target bistable_interfaces__rosidl_typesupport_fastrtps_c
[ 70%] Built target bistable_interfaces__rosidl_typesupport_fastrtps_cpp
[ 70%] Built target bistable_interfaces
[ 74%] [34m[1mGenerating Python code for ROS interfaces[0m
[ 74%] Built target bistable_interfaces__py
[ 77%] [32mBuilding C object CMakeFiles/bistable_interfaces__rosidl_generator_py.dir/rosidl_generator_py/bistable_interfaces/msg/_gamepad_data_s.c.o[0m
[ 80%] [32m[1mLinking C shared library rosidl_generator_py/bistable_interfaces/libbistable_interfaces__rosidl_generator_py.so[0m
[ 80%] Built target bistable_interfaces__rosidl_generator_py
[ 87%] [32mBuilding C object CMakeFiles/bistable_interfaces__rosidl_typesupport_fastrtps_c__pyext.dir/rosidl_generator_py/bistable_interfaces/_bistable_interfaces_s.ep.rosidl_typesupport_fastrtps_c.c.o[0m
[ 90%] [32mBuilding C object CMakeFiles/bistable_interfaces__rosidl_typesupport_introspection_c__pyext.dir/rosidl_generator_py/bistable_interfaces/_bistable_interfaces_s.ep.rosidl_typesupport_introspection_c.c.o[0m
[ 90%] [32mBuilding C object CMakeFiles/bistable_interfaces__rosidl_typesupport_c__pyext.dir/rosidl_generator_py/bistable_interfaces/_bistable_interfaces_s.ep.rosidl_typesupport_c.c.o[0m
[100%] [32m[1mLinking C shared library rosidl_generator_py/bistable_interfaces/bistable_interfaces_s__rosidl_typesupport_c.cpython-310-x86_64-linux-gnu.so[0m
[100%] [32m[1mLinking C shared library rosidl_generator_py/bistable_interfaces/bistable_interfaces_s__rosidl_typesupport_fastrtps_c.cpython-310-x86_64-linux-gnu.so[0m
[100%] [32m[1mLinking C shared library rosidl_generator_py/bistable_interfaces/bistable_interfaces_s__rosidl_typesupport_introspection_c.cpython-310-x86_64-linux-gnu.so[0m
[100%] Built target bistable_interfaces__rosidl_typesupport_introspection_c__pyext
[100%] Built target bistable_interfaces__rosidl_typesupport_c__pyext
[100%] Built target bistable_interfaces__rosidl_typesupport_fastrtps_c__pyext
-- Install configuration: ""
-- Installing: /home/the_hassan_shahzad/ros2_ws/src/bistable_interfaces/install/bistable_interfaces/share/ament_index/resource_index/rosidl_interfaces/bistable_interfaces
-- Installing: /home/the_hassan_shahzad/ros2_ws/src/bistable_interfaces/install/bistable_interfaces/include/bistable_interfaces/bistable_interfaces
-- Installing: /home/the_hassan_shahzad/ros2_ws/src/bistable_interfaces/install/bistable_interfaces/include/bistable_interfaces/bistable_interfaces/msg
-- Installing: /home/the_hassan_shahzad/ros2_ws/src/bistable_interfaces/install/bistable_interfaces/include/bistable_interfaces/bistable_interfaces/msg/gamepad_data.h
-- Installing: /home/the_hassan_shahzad/ros2_ws/src/bistable_interfaces/install/bistable_interfaces/include/bistable_interfaces/bistable_interfaces/msg/detail
-- Installing: /home/the_hassan_shahzad/ros2_ws/src/bistable_interfaces/install/bistable_interfaces/include/bistable_interfaces/bistable_interfaces/msg/detail/gamepad_data__functions.c
-- Installing: /home/the_hassan_shahzad/ros2_ws/src/bistable_interfaces/install/bistable_interfaces/include/bistable_interfaces/bistable_interfaces/msg/detail/gamepad_data__type_support.h
-- Installing: /home/the_hassan_shahzad/ros2_ws/src/bistable_interfaces/install/bistable_interfaces/include/bistable_interfaces/bistable_interfaces/msg/detail/gamepad_data__functions.h
-- Installing: /home/the_hassan_shahzad/ros2_ws/src/bistable_interfaces/install/bistable_interfaces/include/bistable_interfaces/bistable_interfaces/msg/detail/gamepad_data__struct.h
-- Installing: /home/the_hassan_shahzad/ros2_ws/src/bistable_interfaces/install/bistable_interfaces/include/bistable_interfaces/bistable_interfaces/msg/rosidl_generator_c__visibility_control.h
-- Installing: /home/the_hassan_shahzad/ros2_ws/src/bistable_interfaces/install/bistable_interfaces/share/bistable_interfaces/environment/library_path.sh
-- Installing: /home/the_hassan_shahzad/ros2_ws/src/bistable_interfaces/install/bistable_interfaces/share/bistable_interfaces/environment/library_path.dsv
-- Installing: /home/the_hassan_shahzad/ros2_ws/src/bistable_interfaces/install/bistable_interfaces/lib/libbistable_interfaces__rosidl_generator_c.so
-- Set runtime path of "/home/the_hassan_shahzad/ros2_ws/src/bistable_interfaces/install/bistable_interfaces/lib/libbistable_interfaces__rosidl_generator_c.so" to ""
-- Up-to-date: /home/the_hassan_shahzad/ros2_ws/src/bistable_interfaces/install/bistable_interfaces/include/bistable_interfaces/bistable_interfaces
-- Up-to-date: /home/the_hassan_shahzad/ros2_ws/src/bistable_interfaces/install/bistable_interfaces/include/bistable_interfaces/bistable_interfaces/msg
-- Installing: /home/the_hassan_shahzad/ros2_ws/src/bistable_interfaces/install/bistable_interfaces/include/bistable_interfaces/bistable_interfaces/msg/rosidl_typesupport_fastrtps_c__visibility_control.h
-- Up-to-date: /home/the_hassan_shahzad/ros2_ws/src/bistable_interfaces/install/bistable_interfaces/include/bistable_interfaces/bistable_interfaces/msg/detail
-- Installing: /home/the_hassan_shahzad/ros2_ws/src/bistable_interfaces/install/bistable_interfaces/include/bistable_interfaces/bistable_interfaces/msg/detail/gamepad_data__rosidl_typesupport_fastrtps_c.h
-- Installing: /home/the_hassan_shahzad/ros2_ws/src/bistable_interfaces/install/bistable_interfaces/lib/libbistable_interfaces__rosidl_typesupport_fastrtps_c.so
-- Set runtime path of "/home/the_hassan_shahzad/ros2_ws/src/bistable_interfaces/install/bistable_interfaces/lib/libbistable_interfaces__rosidl_typesupport_fastrtps_c.so" to ""
-- Up-to-date: /home/the_hassan_shahzad/ros2_ws/src/bistable_interfaces/install/bistable_interfaces/include/bistable_interfaces/bistable_interfaces
-- Up-to-date: /home/the_hassan_shahzad/ros2_ws/src/bistable_interfaces/install/bistable_interfaces/include/bistable_interfaces/bistable_interfaces/msg
-- Up-to-date: /home/the_hassan_shahzad/ros2_ws/src/bistable_interfaces/install/bistable_interfaces/include/bistable_interfaces/bistable_interfaces/msg/detail
-- Installing: /home/the_hassan_shahzad/ros2_ws/src/bistable_interfaces/install/bistable_interfaces/include/bistable_interfaces/bistable_interfaces/msg/detail/gamepad_data__rosidl_typesupport_introspection_c.h
-- Installing: /home/the_hassan_shahzad/ros2_ws/src/bistable_interfaces/install/bistable_interfaces/include/bistable_interfaces/bistable_interfaces/msg/detail/gamepad_data__type_support.c
-- Installing: /home/the_hassan_shahzad/ros2_ws/src/bistable_interfaces/install/bistable_interfaces/include/bistable_interfaces/bistable_interfaces/msg/rosidl_typesupport_introspection_c__visibility_control.h
-- Installing: /home/the_hassan_shahzad/ros2_ws/src/bistable_interfaces/install/bistable_interfaces/lib/libbistable_interfaces__rosidl_typesupport_introspection_c.so
-- Set runtime path of "/home/the_hassan_shahzad/ros2_ws/src/bistable_interfaces/install/bistable_interfaces/lib/libbistable_interfaces__rosidl_typesupport_introspection_c.so" to ""
-- Installing: /home/the_hassan_shahzad/ros2_ws/src/bistable_interfaces/install/bistable_interfaces/lib/libbistable_interfaces__rosidl_typesupport_c.so
-- Set runtime path of "/home/the_hassan_shahzad/ros2_ws/src/bistable_interfaces/install/bistable_interfaces/lib/libbistable_interfaces__rosidl_typesupport_c.so" to ""
-- Up-to-date: /home/the_hassan_shahzad/ros2_ws/src/bistable_interfaces/install/bistable_interfaces/include/bistable_interfaces/bistable_interfaces
-- Up-to-date: /home/the_hassan_shahzad/ros2_ws/src/bistable_interfaces/install/bistable_interfaces/include/bistable_interfaces/bistable_interfaces/msg
-- Installing: /home/the_hassan_shahzad/ros2_ws/src/bistable_interfaces/install/bistable_interfaces/include/bistable_interfaces/bistable_interfaces/msg/gamepad_data.hpp
-- Up-to-date: /home/the_hassan_shahzad/ros2_ws/src/bistable_interfaces/install/bistable_interfaces/include/bistable_interfaces/bistable_interfaces/msg/detail
-- Installing: /home/the_hassan_shahzad/ros2_ws/src/bistable_interfaces/install/bistable_interfaces/include/bistable_interfaces/bistable_interfaces/msg/detail/gamepad_data__struct.hpp
-- Installing: /home/the_hassan_shahzad/ros2_ws/src/bistable_interfaces/install/bistable_interfaces/include/bistable_interfaces/bistable_interfaces/msg/detail/gamepad_data__traits.hpp
-- Installing: /home/the_hassan_shahzad/ros2_ws/src/bistable_interfaces/install/bistable_interfaces/include/bistable_interfaces/bistable_interfaces/msg/detail/gamepad_data__builder.hpp
-- Up-to-date: /home/the_hassan_shahzad/ros2_ws/src/bistable_interfaces/install/bistable_interfaces/include/bistable_interfaces/bistable_interfaces
-- Up-to-date: /home/the_hassan_shahzad/ros2_ws/src/bistable_interfaces/install/bistable_interfaces/include/bistable_interfaces/bistable_interfaces/msg
-- Installing: /home/the_hassan_shahzad/ros2_ws/src/bistable_interfaces/install/bistable_interfaces/include/bistable_interfaces/bistable_interfaces/msg/rosidl_typesupport_fastrtps_cpp__visibility_control.h
-- Up-to-date: /home/the_hassan_shahzad/ros2_ws/src/bistable_interfaces/install/bistable_interfaces/include/bistable_interfaces/bistable_interfaces/msg/detail
-- Installing: /home/the_hassan_shahzad/ros2_ws/src/bistable_interfaces/install/bistable_interfaces/include/bistable_interfaces/bistable_interfaces/msg/detail/dds_fastrtps
-- Installing: /home/the_hassan_shahzad/ros2_ws/src/bistable_interfaces/install/bistable_interfaces/include/bistable_interfaces/bistable_interfaces/msg/detail/gamepad_data__rosidl_typesupport_fastrtps_cpp.hpp
-- Installing: /home/the_hassan_shahzad/ros2_ws/src/bistable_interfaces/install/bistable_interfaces/lib/libbistable_interfaces__rosidl_typesupport_fastrtps_cpp.so
-- Set runtime path of "/home/the_hassan_shahzad/ros2_ws/src/bistable_interfaces/install/bistable_interfaces/lib/libbistable_interfaces__rosidl_typesupport_fastrtps_cpp.so" to ""
-- Up-to-date: /home/the_hassan_shahzad/ros2_ws/src/bistable_interfaces/install/bistable_interfaces/include/bistable_interfaces/bistable_interfaces
-- Up-to-date: /home/the_hassan_shahzad/ros2_ws/src/bistable_interfaces/install/bistable_interfaces/include/bistable_interfaces/bistable_interfaces/msg
-- Up-to-date: /home/the_hassan_shahzad/ros2_ws/src/bistable_interfaces/install/bistable_interfaces/include/bistable_interfaces/bistable_interfaces/msg/detail
-- Installing: /home/the_hassan_shahzad/ros2_ws/src/bistable_interfaces/install/bistable_interfaces/include/bistable_interfaces/bistable_interfaces/msg/detail/gamepad_data__type_support.cpp
-- Installing: /home/the_hassan_shahzad/ros2_ws/src/bistable_interfaces/install/bistable_interfaces/include/bistable_interfaces/bistable_interfaces/msg/detail/gamepad_data__rosidl_typesupport_introspection_cpp.hpp
-- Installing: /home/the_hassan_shahzad/ros2_ws/src/bistable_interfaces/install/bistable_interfaces/lib/libbistable_interfaces__rosidl_typesupport_introspection_cpp.so
-- Set runtime path of "/home/the_hassan_shahzad/ros2_ws/src/bistable_interfaces/install/bistable_interfaces/lib/libbistable_interfaces__rosidl_typesupport_introspection_cpp.so" to ""
-- Installing: /home/the_hassan_shahzad/ros2_ws/src/bistable_interfaces/install/bistable_interfaces/lib/libbistable_interfaces__rosidl_typesupport_cpp.so
-- Set runtime path of "/home/the_hassan_shahzad/ros2_ws/src/bistable_interfaces/install/bistable_interfaces/lib/libbistable_interfaces__rosidl_typesupport_cpp.so" to ""
-- Installing: /home/the_hassan_shahzad/ros2_ws/src/bistable_interfaces/install/bistable_interfaces/share/bistable_interfaces/environment/pythonpath.sh
-- Installing: /home/the_hassan_shahzad/ros2_ws/src/bistable_interfaces/install/bistable_interfaces/share/bistable_interfaces/environment/pythonpath.dsv
-- Installing: /home/the_hassan_shahzad/ros2_ws/src/bistable_interfaces/install/bistable_interfaces/local/lib/python3.10/dist-packages/bistable_interfaces-0.0.0-py3.10.egg-info
-- Installing: /home/the_hassan_shahzad/ros2_ws/src/bistable_interfaces/install/bistable_interfaces/local/lib/python3.10/dist-packages/bistable_interfaces-0.0.0-py3.10.egg-info/dependency_links.txt
-- Installing: /home/the_hassan_shahzad/ros2_ws/src/bistable_interfaces/install/bistable_interfaces/local/lib/python3.10/dist-packages/bistable_interfaces-0.0.0-py3.10.egg-info/PKG-INFO
-- Installing: /home/the_hassan_shahzad/ros2_ws/src/bistable_interfaces/install/bistable_interfaces/local/lib/python3.10/dist-packages/bistable_interfaces-0.0.0-py3.10.egg-info/SOURCES.txt
-- Installing: /home/the_hassan_shahzad/ros2_ws/src/bistable_interfaces/install/bistable_interfaces/local/lib/python3.10/dist-packages/bistable_interfaces-0.0.0-py3.10.egg-info/top_level.txt
-- Installing: /home/the_hassan_shahzad/ros2_ws/src/bistable_interfaces/install/bistable_interfaces/local/lib/python3.10/dist-packages/bistable_interfaces
-- Installing: /home/the_hassan_shahzad/ros2_ws/src/bistable_interfaces/install/bistable_interfaces/local/lib/python3.10/dist-packages/bistable_interfaces/__init__.py
-- Installing: /home/the_hassan_shahzad/ros2_ws/src/bistable_interfaces/install/bistable_interfaces/local/lib/python3.10/dist-packages/bistable_interfaces/msg
-- Installing: /home/the_hassan_shahzad/ros2_ws/src/bistable_interfaces/install/bistable_interfaces/local/lib/python3.10/dist-packages/bistable_interfaces/msg/__init__.py
-- Installing: /home/the_hassan_shahzad/ros2_ws/src/bistable_interfaces/install/bistable_interfaces/local/lib/python3.10/dist-packages/bistable_interfaces/msg/_gamepad_data_s.c
-- Installing: /home/the_hassan_shahzad/ros2_ws/src/bistable_interfaces/install/bistable_interfaces/local/lib/python3.10/dist-packages/bistable_interfaces/msg/_gamepad_data.py
-- Installing: /home/the_hassan_shahzad/ros2_ws/src/bistable_interfaces/install/bistable_interfaces/local/lib/python3.10/dist-packages/bistable_interfaces/bistable_interfaces_s__rosidl_typesupport_introspection_c.cpython-310-x86_64-linux-gnu.so
-- Installing: /home/the_hassan_shahzad/ros2_ws/src/bistable_interfaces/install/bistable_interfaces/local/lib/python3.10/dist-packages/bistable_interfaces/_bistable_interfaces_s.ep.rosidl_typesupport_fastrtps_c.c
-- Installing: /home/the_hassan_shahzad/ros2_ws/src/bistable_interfaces/install/bistable_interfaces/local/lib/python3.10/dist-packages/bistable_interfaces/libbistable_interfaces__rosidl_generator_py.so
-- Installing: /home/the_hassan_shahzad/ros2_ws/src/bistable_interfaces/install/bistable_interfaces/local/lib/python3.10/dist-packages/bistable_interfaces/_bistable_interfaces_s.ep.rosidl_typesupport_introspection_c.c
-- Installing: /home/the_hassan_shahzad/ros2_ws/src/bistable_interfaces/install/bistable_interfaces/local/lib/python3.10/dist-packages/bistable_interfaces/bistable_interfaces_s__rosidl_typesupport_c.cpython-310-x86_64-linux-gnu.so
-- Installing: /home/the_hassan_shahzad/ros2_ws/src/bistable_interfaces/install/bistable_interfaces/local/lib/python3.10/dist-packages/bistable_interfaces/bistable_interfaces_s__rosidl_typesupport_fastrtps_c.cpython-310-x86_64-linux-gnu.so
-- Installing: /home/the_hassan_shahzad/ros2_ws/src/bistable_interfaces/install/bistable_interfaces/local/lib/python3.10/dist-packages/bistable_interfaces/_bistable_interfaces_s.ep.rosidl_typesupport_c.c
Listing '/home/the_hassan_shahzad/ros2_ws/src/bistable_interfaces/install/bistable_interfaces/local/lib/python3.10/dist-packages/bistable_interfaces'...
Compiling '/home/the_hassan_shahzad/ros2_ws/src/bistable_interfaces/install/bistable_interfaces/local/lib/python3.10/dist-packages/bistable_interfaces/__init__.py'...
Listing '/home/the_hassan_shahzad/ros2_ws/src/bistable_interfaces/install/bistable_interfaces/local/lib/python3.10/dist-packages/bistable_interfaces/msg'...
Compiling '/home/the_hassan_shahzad/ros2_ws/src/bistable_interfaces/install/bistable_interfaces/local/lib/python3.10/dist-packages/bistable_interfaces/msg/__init__.py'...
Compiling '/home/the_hassan_shahzad/ros2_ws/src/bistable_interfaces/install/bistable_interfaces/local/lib/python3.10/dist-packages/bistable_interfaces/msg/_gamepad_data.py'...
-- Installing: /home/the_hassan_shahzad/ros2_ws/src/bistable_interfaces/install/bistable_interfaces/local/lib/python3.10/dist-packages/bistable_interfaces/bistable_interfaces_s__rosidl_typesupport_fastrtps_c.cpython-310-x86_64-linux-gnu.so
-- Set runtime path of "/home/the_hassan_shahzad/ros2_ws/src/bistable_interfaces/install/bistable_interfaces/local/lib/python3.10/dist-packages/bistable_interfaces/bistable_interfaces_s__rosidl_typesupport_fastrtps_c.cpython-310-x86_64-linux-gnu.so" to ""
-- Installing: /home/the_hassan_shahzad/ros2_ws/src/bistable_interfaces/install/bistable_interfaces/local/lib/python3.10/dist-packages/bistable_interfaces/bistable_interfaces_s__rosidl_typesupport_introspection_c.cpython-310-x86_64-linux-gnu.so
-- Set runtime path of "/home/the_hassan_shahzad/ros2_ws/src/bistable_interfaces/install/bistable_interfaces/local/lib/python3.10/dist-packages/bistable_interfaces/bistable_interfaces_s__rosidl_typesupport_introspection_c.cpython-310-x86_64-linux-gnu.so" to ""
-- Installing: /home/the_hassan_shahzad/ros2_ws/src/bistable_interfaces/install/bistable_interfaces/local/lib/python3.10/dist-packages/bistable_interfaces/bistable_interfaces_s__rosidl_typesupport_c.cpython-310-x86_64-linux-gnu.so
-- Set runtime path of "/home/the_hassan_shahzad/ros2_ws/src/bistable_interfaces/install/bistable_interfaces/local/lib/python3.10/dist-packages/bistable_interfaces/bistable_interfaces_s__rosidl_typesupport_c.cpython-310-x86_64-linux-gnu.so" to ""
-- Installing: /home/the_hassan_shahzad/ros2_ws/src/bistable_interfaces/install/bistable_interfaces/lib/libbistable_interfaces__rosidl_generator_py.so
-- Set runtime path of "/home/the_hassan_shahzad/ros2_ws/src/bistable_interfaces/install/bistable_interfaces/lib/libbistable_interfaces__rosidl_generator_py.so" to ""
-- Installing: /home/the_hassan_shahzad/ros2_ws/src/bistable_interfaces/install/bistable_interfaces/share/bistable_interfaces/msg/GamepadData.idl
-- Installing: /home/the_hassan_shahzad/ros2_ws/src/bistable_interfaces/install/bistable_interfaces/share/bistable_interfaces/msg/GamepadData.msg
-- Installing: /home/the_hassan_shahzad/ros2_ws/src/bistable_interfaces/install/bistable_interfaces/share/ament_index/resource_index/package_run_dependencies/bistable_interfaces
-- Installing: /home/the_hassan_shahzad/ros2_ws/src/bistable_interfaces/install/bistable_interfaces/share/ament_index/resource_index/parent_prefix_path/bistable_interfaces
-- Installing: /home/the_hassan_shahzad/ros2_ws/src/bistable_interfaces/install/bistable_interfaces/share/bistable_interfaces/environment/ament_prefix_path.sh
-- Installing: /home/the_hassan_shahzad/ros2_ws/src/bistable_interfaces/install/bistable_interfaces/share/bistable_interfaces/environment/ament_prefix_path.dsv
-- Installing: /home/the_hassan_shahzad/ros2_ws/src/bistable_interfaces/install/bistable_interfaces/share/bistable_interfaces/environment/path.sh
-- Installing: /home/the_hassan_shahzad/ros2_ws/src/bistable_interfaces/install/bistable_interfaces/share/bistable_interfaces/environment/path.dsv
-- Installing: /home/the_hassan_shahzad/ros2_ws/src/bistable_interfaces/install/bistable_interfaces/share/bistable_interfaces/local_setup.bash
-- Installing: /home/the_hassan_shahzad/ros2_ws/src/bistable_interfaces/install/bistable_interfaces/share/bistable_interfaces/local_setup.sh
-- Installing: /home/the_hassan_shahzad/ros2_ws/src/bistable_interfaces/install/bistable_interfaces/share/bistable_interfaces/local_setup.zsh
-- Installing: /home/the_hassan_shahzad/ros2_ws/src/bistable_interfaces/install/bistable_interfaces/share/bistable_interfaces/local_setup.dsv
-- Installing: /home/the_hassan_shahzad/ros2_ws/src/bistable_interfaces/install/bistable_interfaces/share/bistable_interfaces/package.dsv
-- Installing: /home/the_hassan_shahzad/ros2_ws/src/bistable_interfaces/install/bistable_interfaces/share/ament_index/resource_index/packages/bistable_interfaces
-- Installing: /home/the_hassan_shahzad/ros2_ws/src/bistable_interfaces/install/bistable_interfaces/share/bistable_interfaces/cmake/export_bistable_interfaces__rosidl_generator_cExport.cmake
-- Installing: /home/the_hassan_shahzad/ros2_ws/src/bistable_interfaces/install/bistable_interfaces/share/bistable_interfaces/cmake/export_bistable_interfaces__rosidl_generator_cExport-noconfig.cmake
-- Installing: /home/the_hassan_shahzad/ros2_ws/src/bistable_interfaces/install/bistable_interfaces/share/bistable_interfaces/cmake/export_bistable_interfaces__rosidl_typesupport_fastrtps_cExport.cmake
-- Installing: /home/the_hassan_shahzad/ros2_ws/src/bistable_interfaces/install/bistable_interfaces/share/bistable_interfaces/cmake/export_bistable_interfaces__rosidl_typesupport_fastrtps_cExport-noconfig.cmake
-- Installing: /home/the_hassan_shahzad/ros2_ws/src/bistable_interfaces/install/bistable_interfaces/share/bistable_interfaces/cmake/bistable_interfaces__rosidl_typesupport_introspection_cExport.cmake
-- Installing: /home/the_hassan_shahzad/ros2_ws/src/bistable_interfaces/install/bistable_interfaces/share/bistable_interfaces/cmake/bistable_interfaces__rosidl_typesupport_introspection_cExport-noconfig.cmake
-- Installing: /home/the_hassan_shahzad/ros2_ws/src/bistable_interfaces/install/bistable_interfaces/share/bistable_interfaces/cmake/bistable_interfaces__rosidl_typesupport_cExport.cmake
-- Installing: /home/the_hassan_shahzad/ros2_ws/src/bistable_interfaces/install/bistable_interfaces/share/bistable_interfaces/cmake/bistable_interfaces__rosidl_typesupport_cExport-noconfig.cmake
-- Installing: /home/the_hassan_shahzad/ros2_ws/src/bistable_interfaces/install/bistable_interfaces/share/bistable_interfaces/cmake/export_bistable_interfaces__rosidl_generator_cppExport.cmake
-- Installing: /home/the_hassan_shahzad/ros2_ws/src/bistable_interfaces/install/bistable_interfaces/share/bistable_interfaces/cmake/export_bistable_interfaces__rosidl_typesupport_fastrtps_cppExport.cmake
-- Installing: /home/the_hassan_shahzad/ros2_ws/src/bistable_interfaces/install/bistable_interfaces/share/bistable_interfaces/cmake/export_bistable_interfaces__rosidl_typesupport_fastrtps_cppExport-noconfig.cmake
-- Installing: /home/the_hassan_shahzad/ros2_ws/src/bistable_interfaces/install/bistable_interfaces/share/bistable_interfaces/cmake/bistable_interfaces__rosidl_typesupport_introspection_cppExport.cmake
-- Installing: /home/the_hassan_shahzad/ros2_ws/src/bistable_interfaces/install/bistable_interfaces/share/bistable_interfaces/cmake/bistable_interfaces__rosidl_typesupport_introspection_cppExport-noconfig.cmake
-- Installing: /home/the_hassan_shahzad/ros2_ws/src/bistable_interfaces/install/bistable_interfaces/share/bistable_interfaces/cmake/bistable_interfaces__rosidl_typesupport_cppExport.cmake
-- Installing: /home/the_hassan_shahzad/ros2_ws/src/bistable_interfaces/install/bistable_interfaces/share/bistable_interfaces/cmake/bistable_interfaces__rosidl_typesupport_cppExport-noconfig.cmake
-- Installing: /home/the_hassan_shahzad/ros2_ws/src/bistable_interfaces/install/bistable_interfaces/share/bistable_interfaces/cmake/export_bistable_interfaces__rosidl_generator_pyExport.cmake
-- Installing: /home/the_hassan_shahzad/ros2_ws/src/bistable_interfaces/install/bistable_interfaces/share/bistable_interfaces/cmake/export_bistable_interfaces__rosidl_generator_pyExport-noconfig.cmake
-- Installing: /home/the_hassan_shahzad/ros2_ws/src/bistable_interfaces/install/bistable_interfaces/share/bistable_interfaces/cmake/rosidl_cmake-extras.cmake
-- Installing: /home/the_hassan_shahzad/ros2_ws/src/bistable_interfaces/install/bistable_interfaces/share/bistable_interfaces/cmake/ament_cmake_export_include_directories-extras.cmake
-- Installing: /home/the_hassan_shahzad/ros2_ws/src/bistable_interfaces/install/bistable_interfaces/share/bistable_interfaces/cmake/ament_cmake_export_libraries-extras.cmake
-- Installing: /home/the_hassan_shahzad/ros2_ws/src/bistable_interfaces/install/bistable_interfaces/share/bistable_interfaces/cmake/ament_cmake_export_targets-extras.cmake
-- Installing: /home/the_hassan_shahzad/ros2_ws/src/bistable_interfaces/install/bistable_interfaces/share/bistable_interfaces/cmake/rosidl_cmake_export_typesupport_targets-extras.cmake
-- Installing: /home/the_hassan_shahzad/ros2_ws/src/bistable_interfaces/install/bistable_interfaces/share/bistable_interfaces/cmake/ament_cmake_export_dependencies-extras.cmake
-- Installing: /home/the_hassan_shahzad/ros2_ws/src/bistable_interfaces/install/bistable_interfaces/share/bistable_interfaces/cmake/rosidl_cmake_export_typesupport_libraries-extras.cmake
-- Installing: /home/the_hassan_shahzad/ros2_ws/src/bistable_interfaces/install/bistable_interfaces/share/bistable_interfaces/cmake/bistable_interfacesConfig.cmake
-- Installing: /home/the_hassan_shahzad/ros2_ws/src/bistable_interfaces/install/bistable_interfaces/share/bistable_interfaces/cmake/bistable_interfacesConfig-version.cmake
-- Installing: /home/the_hassan_shahzad/ros2_ws/src/bistable_interfaces/install/bistable_interfaces/share/bistable_interfaces/package.xml
