[0.061s] Invoking command in '/home/the_hassan_shahzad/ros2_ws/src/bistable_interfaces/build/bistable_interfaces': CMAKE_PREFIX_PATH=${CMAKE_PREFIX_PATH}:/home/the_hassan_shahzad/ros2_ws/src/BiStable_scripts/install/BiStable_scripts:/home/the_hassan_shahzad/ros2_ws/install/true_a24_description:/home/the_hassan_shahzad/ros2_ws/install/simple_robot_arm_description:/home/the_hassan_shahzad/ros2_ws/install/pybullet_main_description:/home/the_hassan_shahzad/ros2_ws/install/my_py_pkg:/home/the_hassan_shahzad/ros2_ws/install/irc_ros_dashboard:/home/the_hassan_shahzad/ros2_ws/install/a24_description:/home/the_hassan_shahzad/ros2_ws/install/Versa4_description:/home/the_hassan_shahzad/ros2_ws/install/RoboPipe:/home/the_hassan_shahzad/ros2_ws/install/BiStable_description:/opt/ros/humble /usr/bin/cmake --build /home/the_hassan_shahzad/ros2_ws/src/bistable_interfaces/build/bistable_interfaces -- -j16 -l16
[0.074s] [33mCMake Warning (dev) at CMakeLists.txt:13:
[0.074s]   Syntax Warning in cmake code at column 24
[0.074s] 
[0.074s]   Argument not separated from preceding token by whitespace.
[0.074s] This warning is for project developers.  Use -Wno-dev to suppress it.
[0.074s] [0m
[0.077s] -- Found ament_cmake: 1.3.6 (/opt/ros/humble/share/ament_cmake/cmake)
[0.190s] -- Found rosidl_default_generators: 1.2.0 (/opt/ros/humble/share/rosidl_default_generators/cmake)
[0.194s] -- Using all available rosidl_typesupport_c: rosidl_typesupport_fastrtps_c;rosidl_typesupport_introspection_c
[0.195s] -- Found rosidl_adapter: 3.1.5 (/opt/ros/humble/share/rosidl_adapter/cmake)
[0.217s] -- Using all available rosidl_typesupport_cpp: rosidl_typesupport_fastrtps_cpp;rosidl_typesupport_introspection_cpp
[0.234s] -- Configuring incomplete, errors occurred!
[0.235s] See also "/home/the_hassan_shahzad/ros2_ws/src/bistable_interfaces/build/bistable_interfaces/CMakeFiles/CMakeOutput.log".
[0.235s] [31mCMake Error at /opt/ros/humble/share/rosidl_cmake/cmake/rosidl_generate_interfaces.cmake:93 (message):
[0.235s]   rosidl_generate_interfaces() the passed file ',' doesn't exist relative to
[0.235s]   the CMAKE_CURRENT_SOURCE_DIR
[0.235s]   '/home/the_hassan_shahzad/ros2_ws/src/bistable_interfaces'
[0.235s] Call Stack (most recent call first):
[0.235s]   CMakeLists.txt:12 (rosidl_generate_interfaces)
[0.235s] 
[0.235s] [0m
[0.237s] gmake: *** [Makefile:747: cmake_check_build_system] Error 1
[0.240s] Invoked command in '/home/the_hassan_shahzad/ros2_ws/src/bistable_interfaces/build/bistable_interfaces' returned '2': CMAKE_PREFIX_PATH=${CMAKE_PREFIX_PATH}:/home/the_hassan_shahzad/ros2_ws/src/BiStable_scripts/install/BiStable_scripts:/home/the_hassan_shahzad/ros2_ws/install/true_a24_description:/home/the_hassan_shahzad/ros2_ws/install/simple_robot_arm_description:/home/the_hassan_shahzad/ros2_ws/install/pybullet_main_description:/home/the_hassan_shahzad/ros2_ws/install/my_py_pkg:/home/the_hassan_shahzad/ros2_ws/install/irc_ros_dashboard:/home/the_hassan_shahzad/ros2_ws/install/a24_description:/home/the_hassan_shahzad/ros2_ws/install/Versa4_description:/home/the_hassan_shahzad/ros2_ws/install/RoboPipe:/home/the_hassan_shahzad/ros2_ws/install/BiStable_description:/opt/ros/humble /usr/bin/cmake --build /home/the_hassan_shahzad/ros2_ws/src/bistable_interfaces/build/bistable_interfaces -- -j16 -l16
